Arguments: 
  /Users/besos/.nvm/versions/node/v10.16.3/bin/node /Users/besos/.yarn/bin/yarn.js add express body-parser sequeliz pg

PATH: 
  /usr/loca/bin/:/Users/besos/.yarn/bin:/Users/besos/.config/yarn/global/node_modules/.bin:/Users/besos/.nvm/versions/node/v10.16.3/bin:/usr/local/bin:/usr/bin:/bin:/usr/sbin:/sbin:/usr/loca/bin/:/Users/besos/.yarn/bin:/Users/besos/.config/yarn/global/node_modules/.bin:/Users/besos/.nvm/versions/node/v10.16.3/bin

Yarn version: 
  1.22.0

Node version: 
  10.16.3

Platform: 
  darwin x64

Trace: 
  Error: https://registry.yarnpkg.com/sequeliz: Not found
      at Request.params.callback [as _callback] (/Users/besos/.yarn/lib/cli.js:66975:18)
      at Request.self.callback (/Users/besos/.yarn/lib/cli.js:140727:22)
      at Request.emit (events.js:198:13)
      at Request.<anonymous> (/Users/besos/.yarn/lib/cli.js:141699:10)
      at Request.emit (events.js:198:13)
      at IncomingMessage.<anonymous> (/Users/besos/.yarn/lib/cli.js:141621:12)
      at Object.onceWrapper (events.js:286:20)
      at IncomingMessage.emit (events.js:203:15)
      at endReadableNT (_stream_readable.js:1145:12)
      at process._tickCallback (internal/process/next_tick.js:63:19)

npm manifest: 
  {
    "name": "student-express",
    "version": "1.0.0",
    "description": "express api for student sign in",
    "main": "server.js",
    "scripts": {
      "start": "node server.js"
    },
    "author": "yp0975eu"
  }

yarn manifest: 
  No manifest

Lockfile: 
  No lockfile
